<?xml version="1.0" encoding="UTF-8"?>
<testng-results ignored="0" total="24" passed="24" failed="0" skipped="0">
  <reporter-output>
  </reporter-output>
  <suite started-at="2023-12-20T10:53:23 IST" name="Suite" finished-at="2023-12-20T10:54:30 IST" duration-ms="66376">
    <groups>
    </groups>
    <test started-at="2023-12-20T10:53:23 IST" name="Test2" finished-at="2023-12-20T10:54:25 IST" duration-ms="61973">
      <class name="org.botShreyasi.passiveRefferals.AppTest">
        <test-method is-config="true" signature="driverSet(java.lang.String)[pri:0, instance:org.botShreyasi.passiveRefferals.AppTest@5b38c1ec]" started-at="2023-12-20T10:53:23 IST" name="driverSet" finished-at="2023-12-20T10:53:37 IST" duration-ms="13917" status="PASS">
          <params>
            <param index="0">
              <value>
                <![CDATA[chrome]]>
              </value>
            </param>
          </params>
          <reporter-output>
          </reporter-output>
        </test-method> <!-- driverSet -->
        <test-method signature="at(java.lang.String,java.lang.String)[pri:0, instance:org.botShreyasi.passiveRefferals.AppTest@5b38c1ec]" started-at="2023-12-20T10:53:40 IST" name="at" data-provider="sea" finished-at="2023-12-20T10:54:11 IST" duration-ms="31054" status="PASS">
          <params>
            <param index="0">
              <value>
                <![CDATA[java]]>
              </value>
            </param>
            <param index="1">
              <value>
                <![CDATA[password]]>
              </value>
            </param>
          </params>
          <reporter-output>
          </reporter-output>
        </test-method> <!-- at -->
        <test-method signature="at(java.lang.String,java.lang.String)[pri:0, instance:org.botShreyasi.passiveRefferals.AppTest@5b38c1ec]" started-at="2023-12-20T10:54:11 IST" name="at" data-provider="sea" finished-at="2023-12-20T10:54:24 IST" duration-ms="12673" status="PASS">
          <params>
            <param index="0">
              <value>
                <![CDATA[maen]]>
              </value>
            </param>
            <param index="1">
              <value>
                <![CDATA[abcd]]>
              </value>
            </param>
          </params>
          <reporter-output>
          </reporter-output>
        </test-method> <!-- at -->
        <test-method signature="at(java.lang.String,java.lang.String)[pri:0, instance:org.botShreyasi.passiveRefferals.AppTest@5b38c1ec]" started-at="2023-12-20T10:54:24 IST" name="at" data-provider="sea" finished-at="2023-12-20T10:54:24 IST" duration-ms="25" status="PASS">
          <params>
            <param index="0">
              <value>
                <![CDATA[techno]]>
              </value>
            </param>
            <param index="1">
              <value>
                <![CDATA[abcdef]]>
              </value>
            </param>
          </params>
          <reporter-output>
          </reporter-output>
        </test-method> <!-- at -->
        <test-method signature="at(java.lang.String,java.lang.String)[pri:0, instance:org.botShreyasi.passiveRefferals.AppTest@5b38c1ec]" started-at="2023-12-20T10:54:24 IST" name="at" data-provider="sea" finished-at="2023-12-20T10:54:24 IST" duration-ms="37" status="PASS">
          <params>
            <param index="0">
              <value>
                <![CDATA[preeti.singh@passivereferral.com]]>
              </value>
            </param>
            <param index="1">
              <value>
                <![CDATA[arvind1234]]>
              </value>
            </param>
          </params>
          <reporter-output>
          </reporter-output>
        </test-method> <!-- at -->
        <test-method signature="at(java.lang.String,java.lang.String)[pri:0, instance:org.botShreyasi.passiveRefferals.AppTest@5b38c1ec]" started-at="2023-12-20T10:54:24 IST" name="at" data-provider="sea" finished-at="2023-12-20T10:54:24 IST" duration-ms="83" status="PASS">
          <params>
            <param index="0">
              <value>
                <![CDATA[java]]>
              </value>
            </param>
            <param index="1">
              <value>
                <![CDATA[password]]>
              </value>
            </param>
          </params>
          <reporter-output>
          </reporter-output>
        </test-method> <!-- at -->
        <test-method signature="at(java.lang.String,java.lang.String)[pri:0, instance:org.botShreyasi.passiveRefferals.AppTest@5b38c1ec]" started-at="2023-12-20T10:54:24 IST" name="at" data-provider="sea" finished-at="2023-12-20T10:54:24 IST" duration-ms="39" status="PASS">
          <params>
            <param index="0">
              <value>
                <![CDATA[maen]]>
              </value>
            </param>
            <param index="1">
              <value>
                <![CDATA[abcd]]>
              </value>
            </param>
          </params>
          <reporter-output>
          </reporter-output>
        </test-method> <!-- at -->
        <test-method signature="at(java.lang.String,java.lang.String)[pri:0, instance:org.botShreyasi.passiveRefferals.AppTest@5b38c1ec]" started-at="2023-12-20T10:54:24 IST" name="at" data-provider="sea" finished-at="2023-12-20T10:54:24 IST" duration-ms="125" status="PASS">
          <params>
            <param index="0">
              <value>
                <![CDATA[techno]]>
              </value>
            </param>
            <param index="1">
              <value>
                <![CDATA[abcdef]]>
              </value>
            </param>
          </params>
          <reporter-output>
          </reporter-output>
        </test-method> <!-- at -->
        <test-method signature="at(java.lang.String,java.lang.String)[pri:0, instance:org.botShreyasi.passiveRefferals.AppTest@5b38c1ec]" started-at="2023-12-20T10:54:24 IST" name="at" data-provider="sea" finished-at="2023-12-20T10:54:25 IST" duration-ms="290" status="PASS">
          <params>
            <param index="0">
              <value>
                <![CDATA[preeti.singh@passivereferral.com]]>
              </value>
            </param>
            <param index="1">
              <value>
                <![CDATA[arvind1234]]>
              </value>
            </param>
          </params>
          <reporter-output>
          </reporter-output>
        </test-method> <!-- at -->
        <test-method is-config="true" signature="tearDown()[pri:0, instance:org.botShreyasi.passiveRefferals.AppTest@5b38c1ec]" started-at="2023-12-20T10:54:25 IST" name="tearDown" finished-at="2023-12-20T10:54:25 IST" duration-ms="450" status="PASS">
          <reporter-output>
          </reporter-output>
        </test-method> <!-- tearDown -->
      </class> <!-- org.botShreyasi.passiveRefferals.AppTest -->
    </test> <!-- Test2 -->
    <test started-at="2023-12-20T10:53:23 IST" name="Test3" finished-at="2023-12-20T10:54:25 IST" duration-ms="62219">
      <class name="org.botShreyasi.passiveRefferals.AppTest">
        <test-method is-config="true" signature="driverSet(java.lang.String)[pri:0, instance:org.botShreyasi.passiveRefferals.AppTest@1807e3f6]" started-at="2023-12-20T10:53:23 IST" name="driverSet" finished-at="2023-12-20T10:53:38 IST" duration-ms="14326" status="PASS">
          <params>
            <param index="0">
              <value>
                <![CDATA[edge]]>
              </value>
            </param>
          </params>
          <reporter-output>
          </reporter-output>
        </test-method> <!-- driverSet -->
        <test-method signature="at(java.lang.String,java.lang.String)[pri:0, instance:org.botShreyasi.passiveRefferals.AppTest@1807e3f6]" started-at="2023-12-20T10:53:40 IST" name="at" data-provider="sea" finished-at="2023-12-20T10:54:08 IST" duration-ms="28375" status="PASS">
          <params>
            <param index="0">
              <value>
                <![CDATA[java]]>
              </value>
            </param>
            <param index="1">
              <value>
                <![CDATA[password]]>
              </value>
            </param>
          </params>
          <reporter-output>
          </reporter-output>
        </test-method> <!-- at -->
        <test-method signature="at(java.lang.String,java.lang.String)[pri:0, instance:org.botShreyasi.passiveRefferals.AppTest@1807e3f6]" started-at="2023-12-20T10:54:08 IST" name="at" data-provider="sea" finished-at="2023-12-20T10:54:24 IST" duration-ms="16093" status="PASS">
          <params>
            <param index="0">
              <value>
                <![CDATA[maen]]>
              </value>
            </param>
            <param index="1">
              <value>
                <![CDATA[abcd]]>
              </value>
            </param>
          </params>
          <reporter-output>
          </reporter-output>
        </test-method> <!-- at -->
        <test-method signature="at(java.lang.String,java.lang.String)[pri:0, instance:org.botShreyasi.passiveRefferals.AppTest@1807e3f6]" started-at="2023-12-20T10:54:24 IST" name="at" data-provider="sea" finished-at="2023-12-20T10:54:24 IST" duration-ms="67" status="PASS">
          <params>
            <param index="0">
              <value>
                <![CDATA[techno]]>
              </value>
            </param>
            <param index="1">
              <value>
                <![CDATA[abcdef]]>
              </value>
            </param>
          </params>
          <reporter-output>
          </reporter-output>
        </test-method> <!-- at -->
        <test-method signature="at(java.lang.String,java.lang.String)[pri:0, instance:org.botShreyasi.passiveRefferals.AppTest@1807e3f6]" started-at="2023-12-20T10:54:24 IST" name="at" data-provider="sea" finished-at="2023-12-20T10:54:25 IST" duration-ms="130" status="PASS">
          <params>
            <param index="0">
              <value>
                <![CDATA[preeti.singh@passivereferral.com]]>
              </value>
            </param>
            <param index="1">
              <value>
                <![CDATA[arvind1234]]>
              </value>
            </param>
          </params>
          <reporter-output>
          </reporter-output>
        </test-method> <!-- at -->
        <test-method signature="at(java.lang.String,java.lang.String)[pri:0, instance:org.botShreyasi.passiveRefferals.AppTest@1807e3f6]" started-at="2023-12-20T10:54:25 IST" name="at" data-provider="sea" finished-at="2023-12-20T10:54:25 IST" duration-ms="22" status="PASS">
          <params>
            <param index="0">
              <value>
                <![CDATA[java]]>
              </value>
            </param>
            <param index="1">
              <value>
                <![CDATA[password]]>
              </value>
            </param>
          </params>
          <reporter-output>
          </reporter-output>
        </test-method> <!-- at -->
        <test-method signature="at(java.lang.String,java.lang.String)[pri:0, instance:org.botShreyasi.passiveRefferals.AppTest@1807e3f6]" started-at="2023-12-20T10:54:25 IST" name="at" data-provider="sea" finished-at="2023-12-20T10:54:25 IST" duration-ms="46" status="PASS">
          <params>
            <param index="0">
              <value>
                <![CDATA[maen]]>
              </value>
            </param>
            <param index="1">
              <value>
                <![CDATA[abcd]]>
              </value>
            </param>
          </params>
          <reporter-output>
          </reporter-output>
        </test-method> <!-- at -->
        <test-method signature="at(java.lang.String,java.lang.String)[pri:0, instance:org.botShreyasi.passiveRefferals.AppTest@1807e3f6]" started-at="2023-12-20T10:54:25 IST" name="at" data-provider="sea" finished-at="2023-12-20T10:54:25 IST" duration-ms="16" status="PASS">
          <params>
            <param index="0">
              <value>
                <![CDATA[techno]]>
              </value>
            </param>
            <param index="1">
              <value>
                <![CDATA[abcdef]]>
              </value>
            </param>
          </params>
          <reporter-output>
          </reporter-output>
        </test-method> <!-- at -->
        <test-method signature="at(java.lang.String,java.lang.String)[pri:0, instance:org.botShreyasi.passiveRefferals.AppTest@1807e3f6]" started-at="2023-12-20T10:54:25 IST" name="at" data-provider="sea" finished-at="2023-12-20T10:54:25 IST" duration-ms="7" status="PASS">
          <params>
            <param index="0">
              <value>
                <![CDATA[preeti.singh@passivereferral.com]]>
              </value>
            </param>
            <param index="1">
              <value>
                <![CDATA[arvind1234]]>
              </value>
            </param>
          </params>
          <reporter-output>
          </reporter-output>
        </test-method> <!-- at -->
        <test-method is-config="true" signature="tearDown()[pri:0, instance:org.botShreyasi.passiveRefferals.AppTest@1807e3f6]" started-at="2023-12-20T10:54:25 IST" name="tearDown" finished-at="2023-12-20T10:54:25 IST" duration-ms="342" status="PASS">
          <reporter-output>
          </reporter-output>
        </test-method> <!-- tearDown -->
      </class> <!-- org.botShreyasi.passiveRefferals.AppTest -->
    </test> <!-- Test3 -->
    <test started-at="2023-12-20T10:53:23 IST" name="Test1" finished-at="2023-12-20T10:54:30 IST" duration-ms="66376">
      <class name="org.botShreyasi.passiveRefferals.AppTest">
        <test-method is-config="true" signature="driverSet(java.lang.String)[pri:0, instance:org.botShreyasi.passiveRefferals.AppTest@514646ef]" started-at="2023-12-20T10:53:23 IST" name="driverSet" finished-at="2023-12-20T10:53:41 IST" duration-ms="18226" status="PASS">
          <params>
            <param index="0">
              <value>
                <![CDATA[firefox]]>
              </value>
            </param>
          </params>
          <reporter-output>
          </reporter-output>
        </test-method> <!-- driverSet -->
        <test-method signature="at(java.lang.String,java.lang.String)[pri:0, instance:org.botShreyasi.passiveRefferals.AppTest@514646ef]" started-at="2023-12-20T10:53:42 IST" name="at" data-provider="sea" finished-at="2023-12-20T10:54:06 IST" duration-ms="24122" status="PASS">
          <params>
            <param index="0">
              <value>
                <![CDATA[java]]>
              </value>
            </param>
            <param index="1">
              <value>
                <![CDATA[password]]>
              </value>
            </param>
          </params>
          <reporter-output>
          </reporter-output>
        </test-method> <!-- at -->
        <test-method signature="at(java.lang.String,java.lang.String)[pri:0, instance:org.botShreyasi.passiveRefferals.AppTest@514646ef]" started-at="2023-12-20T10:54:06 IST" name="at" data-provider="sea" finished-at="2023-12-20T10:54:28 IST" duration-ms="21960" status="PASS">
          <params>
            <param index="0">
              <value>
                <![CDATA[maen]]>
              </value>
            </param>
            <param index="1">
              <value>
                <![CDATA[abcd]]>
              </value>
            </param>
          </params>
          <reporter-output>
          </reporter-output>
        </test-method> <!-- at -->
        <test-method signature="at(java.lang.String,java.lang.String)[pri:0, instance:org.botShreyasi.passiveRefferals.AppTest@514646ef]" started-at="2023-12-20T10:54:28 IST" name="at" data-provider="sea" finished-at="2023-12-20T10:54:29 IST" duration-ms="600" status="PASS">
          <params>
            <param index="0">
              <value>
                <![CDATA[techno]]>
              </value>
            </param>
            <param index="1">
              <value>
                <![CDATA[abcdef]]>
              </value>
            </param>
          </params>
          <reporter-output>
          </reporter-output>
        </test-method> <!-- at -->
        <test-method signature="at(java.lang.String,java.lang.String)[pri:0, instance:org.botShreyasi.passiveRefferals.AppTest@514646ef]" started-at="2023-12-20T10:54:29 IST" name="at" data-provider="sea" finished-at="2023-12-20T10:54:29 IST" duration-ms="84" status="PASS">
          <params>
            <param index="0">
              <value>
                <![CDATA[preeti.singh@passivereferral.com]]>
              </value>
            </param>
            <param index="1">
              <value>
                <![CDATA[arvind1234]]>
              </value>
            </param>
          </params>
          <reporter-output>
          </reporter-output>
        </test-method> <!-- at -->
        <test-method signature="at(java.lang.String,java.lang.String)[pri:0, instance:org.botShreyasi.passiveRefferals.AppTest@514646ef]" started-at="2023-12-20T10:54:29 IST" name="at" data-provider="sea" finished-at="2023-12-20T10:54:29 IST" duration-ms="293" status="PASS">
          <params>
            <param index="0">
              <value>
                <![CDATA[java]]>
              </value>
            </param>
            <param index="1">
              <value>
                <![CDATA[password]]>
              </value>
            </param>
          </params>
          <reporter-output>
          </reporter-output>
        </test-method> <!-- at -->
        <test-method signature="at(java.lang.String,java.lang.String)[pri:0, instance:org.botShreyasi.passiveRefferals.AppTest@514646ef]" started-at="2023-12-20T10:54:29 IST" name="at" data-provider="sea" finished-at="2023-12-20T10:54:29 IST" duration-ms="58" status="PASS">
          <params>
            <param index="0">
              <value>
                <![CDATA[maen]]>
              </value>
            </param>
            <param index="1">
              <value>
                <![CDATA[abcd]]>
              </value>
            </param>
          </params>
          <reporter-output>
          </reporter-output>
        </test-method> <!-- at -->
        <test-method signature="at(java.lang.String,java.lang.String)[pri:0, instance:org.botShreyasi.passiveRefferals.AppTest@514646ef]" started-at="2023-12-20T10:54:29 IST" name="at" data-provider="sea" finished-at="2023-12-20T10:54:29 IST" duration-ms="35" status="PASS">
          <params>
            <param index="0">
              <value>
                <![CDATA[techno]]>
              </value>
            </param>
            <param index="1">
              <value>
                <![CDATA[abcdef]]>
              </value>
            </param>
          </params>
          <reporter-output>
          </reporter-output>
        </test-method> <!-- at -->
        <test-method signature="at(java.lang.String,java.lang.String)[pri:0, instance:org.botShreyasi.passiveRefferals.AppTest@514646ef]" started-at="2023-12-20T10:54:29 IST" name="at" data-provider="sea" finished-at="2023-12-20T10:54:29 IST" duration-ms="9" status="PASS">
          <params>
            <param index="0">
              <value>
                <![CDATA[preeti.singh@passivereferral.com]]>
              </value>
            </param>
            <param index="1">
              <value>
                <![CDATA[arvind1234]]>
              </value>
            </param>
          </params>
          <reporter-output>
          </reporter-output>
        </test-method> <!-- at -->
        <test-method is-config="true" signature="tearDown()[pri:0, instance:org.botShreyasi.passiveRefferals.AppTest@514646ef]" started-at="2023-12-20T10:54:29 IST" name="tearDown" finished-at="2023-12-20T10:54:30 IST" duration-ms="144" status="FAIL">
          <exception class="org.openqa.selenium.remote.http.ConnectionFailedException">
            <message>
              <![CDATA[JdkWebSocket initial request execution error
Build info: version: '4.14.0', revision: 'e5a96349ce'
System info: os.name: 'Windows 10', os.arch: 'amd64', os.version: '10.0', java.version: '17.0.8.1'
Driver info: driver.version: FirefoxDriver]]>
            </message>
            <full-stacktrace>
              <![CDATA[org.openqa.selenium.remote.http.ConnectionFailedException: JdkWebSocket initial request execution error
Build info: version: '4.14.0', revision: 'e5a96349ce'
System info: os.name: 'Windows 10', os.arch: 'amd64', os.version: '10.0', java.version: '17.0.8.1'
Driver info: driver.version: FirefoxDriver
at org.openqa.selenium.remote.http.jdk.JdkHttpClient.openSocket(JdkHttpClient.java:243)
at org.openqa.selenium.devtools.Connection.<init>(Connection.java:83)
at org.openqa.selenium.firefox.FirefoxDriver.maybeGetDevTools(FirefoxDriver.java:334)
at org.openqa.selenium.remote.RemoteWebDriver.quit(RemoteWebDriver.java:430)
at org.openqa.selenium.firefox.FirefoxDriver.quit(FirefoxDriver.java:392)
at org.botShreyasi.passiveRefferals.AppTest.tearDown(AppTest.java:100)
at java.base/jdk.internal.reflect.NativeMethodAccessorImpl.invoke0(Native Method)
at java.base/jdk.internal.reflect.NativeMethodAccessorImpl.invoke(NativeMethodAccessorImpl.java:77)
at java.base/jdk.internal.reflect.DelegatingMethodAccessorImpl.invoke(DelegatingMethodAccessorImpl.java:43)
at java.base/java.lang.reflect.Method.invoke(Method.java:568)
at org.testng.internal.MethodInvocationHelper.invokeMethod(MethodInvocationHelper.java:133)
at org.testng.internal.MethodInvocationHelper.invokeMethodConsideringTimeout(MethodInvocationHelper.java:62)
at org.testng.internal.ConfigInvoker.invokeConfigurationMethod(ConfigInvoker.java:385)
at org.testng.internal.ConfigInvoker.invokeConfigurations(ConfigInvoker.java:321)
at org.testng.internal.TestMethodWorker.invokeAfterClassMethods(TestMethodWorker.java:217)
at org.testng.internal.TestMethodWorker.run(TestMethodWorker.java:130)
at java.base/java.util.ArrayList.forEach(ArrayList.java:1511)
at org.testng.TestRunner.privateRun(TestRunner.java:794)
at org.testng.TestRunner.run(TestRunner.java:596)
at org.testng.SuiteRunner.runTest(SuiteRunner.java:377)
at org.testng.SuiteRunner.access$000(SuiteRunner.java:28)
at org.testng.SuiteRunner$SuiteWorker.run(SuiteRunner.java:418)
at org.testng.internal.thread.ThreadUtil.lambda$execute$0(ThreadUtil.java:64)
at java.base/java.util.concurrent.FutureTask.run(FutureTask.java:264)
at java.base/java.util.concurrent.ThreadPoolExecutor.runWorker(ThreadPoolExecutor.java:1136)
at java.base/java.util.concurrent.ThreadPoolExecutor$Worker.run(ThreadPoolExecutor.java:635)
at java.base/java.lang.Thread.run(Thread.java:833)
Caused by: java.net.ConnectException
at java.net.http/jdk.internal.net.http.common.Utils.toConnectException(Utils.java:1055)
at java.net.http/jdk.internal.net.http.PlainHttpConnection.connectAsync(PlainHttpConnection.java:198)
at java.net.http/jdk.internal.net.http.PlainHttpConnection.checkRetryConnect(PlainHttpConnection.java:230)
at java.net.http/jdk.internal.net.http.PlainHttpConnection.lambda$connectAsync$1(PlainHttpConnection.java:206)
at java.base/java.util.concurrent.CompletableFuture.uniHandle(CompletableFuture.java:934)
at java.base/java.util.concurrent.CompletableFuture$UniHandle.tryFire(CompletableFuture.java:911)
at java.base/java.util.concurrent.CompletableFuture.postComplete(CompletableFuture.java:510)
at java.base/java.util.concurrent.CompletableFuture$AsyncSupply.run(CompletableFuture.java:1773)
... 3 more
Caused by: java.nio.channels.ClosedChannelException
at java.base/sun.nio.ch.SocketChannelImpl.ensureOpen(SocketChannelImpl.java:195)
at java.base/sun.nio.ch.SocketChannelImpl.beginConnect(SocketChannelImpl.java:760)
at java.base/sun.nio.ch.SocketChannelImpl.connect(SocketChannelImpl.java:848)
at java.net.http/jdk.internal.net.http.PlainHttpConnection.lambda$connectAsync$0(PlainHttpConnection.java:183)
at java.base/java.security.AccessController.doPrivileged(AccessController.java:569)
at java.net.http/jdk.internal.net.http.PlainHttpConnection.connectAsync(PlainHttpConnection.java:185)
... 9 more
]]>
            </full-stacktrace>
          </exception> <!-- org.openqa.selenium.remote.http.ConnectionFailedException -->
          <reporter-output>
          </reporter-output>
        </test-method> <!-- tearDown -->
      </class> <!-- org.botShreyasi.passiveRefferals.AppTest -->
    </test> <!-- Test1 -->
  </suite> <!-- Suite -->
</testng-results>
