<?xml version="1.0" encoding="UTF-8"?>
<!-- Generated by org.testng.reporters.JUnitXMLReporter -->
<testsuite ignored="0" hostname="DESKTOP-O53FF8H" failures="0" tests="8" name="Test2" time="61.973" errors="0" timestamp="2023-12-20T10:54:25 IST">
  <testcase classname="org.botShreyasi.passiveRefferals.AppTest" name="at" time="31.054"/>
  <testcase classname="org.botShreyasi.passiveRefferals.AppTest" name="at" time="12.673"/>
  <testcase classname="org.botShreyasi.passiveRefferals.AppTest" name="at" time="0.025"/>
  <testcase classname="org.botShreyasi.passiveRefferals.AppTest" name="at" time="0.037"/>
  <testcase classname="org.botShreyasi.passiveRefferals.AppTest" name="at" time="0.083"/>
  <testcase classname="org.botShreyasi.passiveRefferals.AppTest" name="at" time="0.039"/>
  <testcase classname="org.botShreyasi.passiveRefferals.AppTest" name="at" time="0.125"/>
  <testcase classname="org.botShreyasi.passiveRefferals.AppTest" name="at" time="0.29"/>
</testsuite> <!-- Test2 -->
