<?xml version="1.0" encoding="UTF-8"?>
<!-- Generated by org.testng.reporters.JUnitXMLReporter -->
<testsuite ignored="0" hostname="DESKTOP-O53FF8H" failures="0" tests="8" name="Test3" time="62.219" errors="0" timestamp="2023-12-20T10:54:25 IST">
  <testcase classname="org.botShreyasi.passiveRefferals.AppTest" name="at" time="28.375"/>
  <testcase classname="org.botShreyasi.passiveRefferals.AppTest" name="at" time="16.093"/>
  <testcase classname="org.botShreyasi.passiveRefferals.AppTest" name="at" time="0.067"/>
  <testcase classname="org.botShreyasi.passiveRefferals.AppTest" name="at" time="0.13"/>
  <testcase classname="org.botShreyasi.passiveRefferals.AppTest" name="at" time="0.022"/>
  <testcase classname="org.botShreyasi.passiveRefferals.AppTest" name="at" time="0.046"/>
  <testcase classname="org.botShreyasi.passiveRefferals.AppTest" name="at" time="0.016"/>
  <testcase classname="org.botShreyasi.passiveRefferals.AppTest" name="at" time="0.007"/>
</testsuite> <!-- Test3 -->
