<?xml version="1.0" encoding="UTF-8"?>
<!-- Generated by org.testng.reporters.JUnitXMLReporter -->
<testsuite ignored="0" hostname="DESKTOP-O53FF8H" failures="0" tests="11" name="Test" time="14.926" errors="0" timestamp="2023-12-15T15:03:29 IST">
  <testcase classname="org.botShreyasi.passiveRefferals.AppTest" name="Account_Recovery_Request" time="0.019"/>
  <testcase classname="org.botShreyasi.passiveRefferals.AppTest" name="Empty_Password_Field" time="0.002"/>
  <testcase classname="org.botShreyasi.passiveRefferals.AppTest" name="Empty_Username_Field" time="0.002"/>
  <testcase classname="org.botShreyasi.passiveRefferals.AppTest" name="Invalid_Password" time="0.002"/>
  <testcase classname="org.botShreyasi.passiveRefferals.AppTest" name="Locked_Account" time="0.037"/>
  <testcase classname="org.botShreyasi.passiveRefferals.AppTest" name="Multi_Factor_Authentication" time="0.01"/>
  <testcase classname="org.botShreyasi.passiveRefferals.AppTest" name="Password_Reset_Request" time="0.013"/>
  <testcase classname="org.botShreyasi.passiveRefferals.AppTest" name="Remember_Me_Option" time="0.013"/>
  <testcase classname="org.botShreyasi.passiveRefferals.AppTest" name="Successful_Login" time="0.002"/>
  <testcase classname="org.botShreyasi.passiveRefferals.AppTest" name="Username_with_Special_Characters" time="0.012"/>
  <testcase classname="org.botShreyasi.passiveRefferals.AppTest" name="at" time="0.0">
    <skipped/>
  </testcase> <!-- at -->
</testsuite> <!-- Test -->
